<?xml version="1.0" encoding="UTF-8"?>
<testng-results skipped="0" failed="1" ignored="0" total="5" passed="4">
  <reporter-output>
    <line>
      <![CDATA[==========CLOSED========]]>
    </line>
    <line>
      <![CDATA[==========CLOSED========]]>
    </line>
    <line>
      <![CDATA[==========CLOSED========]]>
    </line>
    <line>
      <![CDATA[==========CLOSED========]]>
    </line>
  </reporter-output>
  <suite name="TestSuite 1" duration-ms="111365" started-at="2017-06-12T06:04:55Z" finished-at="2017-06-12T06:06:47Z">
    <groups>
    </groups>
    <test name="Regression suite 1" duration-ms="111365" started-at="2017-06-12T06:04:55Z" finished-at="2017-06-12T06:06:47Z">
      <class name="CommonTests.PageObjectTest">
        <test-method status="PASS" signature="Set_Up()[pri:0, instance:CommonTests.PageObjectTest@26653222]" name="Set_Up" is-config="true" duration-ms="13332" started-at="2017-06-12T13:06:16Z" finished-at="2017-06-12T13:06:29Z">
          <reporter-output>
          </reporter-output>
        </test-method> <!-- Set_Up -->
        <test-method status="FAIL" signature="Test()[pri:0, instance:CommonTests.PageObjectTest@26653222]" name="Test" duration-ms="16317" started-at="2017-06-12T13:06:29Z" finished-at="2017-06-12T13:06:45Z">
          <exception class="org.openqa.selenium.NoSuchElementException">
            <message>
              <![CDATA[Unable to locate element: .btn btn\-action btn\-block loginbtn
For documentation on this error, please visit: http://seleniumhq.org/exceptions/no_such_element.html
Build info: version: 'unknown', revision: '5234b32', time: '2017-03-10 09:00:17 -0800'
System info: host: 'HSSSC1PCL01288', ip: '192.168.203.21', os.name: 'Windows 10', os.arch: 'amd64', os.version: '10.0', java.version: '1.8.0_112'
Driver info: org.openqa.selenium.firefox.FirefoxDriver
Capabilities [{moz:profile=C:\Users\QUANGN~1\AppData\Local\Temp\rust_mozprofile.SQpfZFe5eLjg, rotatable=false, timeouts={implicit=0, page load=300000, script=30000}, pageLoadStrategy=normal, platform=ANY, specificationLevel=0, moz:accessibilityChecks=false, acceptInsecureCerts=false, browserVersion=52.0.2, platformVersion=10.0, moz:processID=9380, browserName=firefox, platformName=windows_nt}]
Session ID: 322dc26c-8ba9-4c2d-bebb-c9ba7a675f86
*** Element info: {Using=class name, value=btn btn-action btn-block loginbtn}]]>
            </message>
            <full-stacktrace>
              <![CDATA[org.openqa.selenium.NoSuchElementException: Unable to locate element: .btn btn\-action btn\-block loginbtn
For documentation on this error, please visit: http://seleniumhq.org/exceptions/no_such_element.html
Build info: version: 'unknown', revision: '5234b32', time: '2017-03-10 09:00:17 -0800'
System info: host: 'HSSSC1PCL01288', ip: '192.168.203.21', os.name: 'Windows 10', os.arch: 'amd64', os.version: '10.0', java.version: '1.8.0_112'
Driver info: org.openqa.selenium.firefox.FirefoxDriver
Capabilities [{moz:profile=C:\Users\QUANGN~1\AppData\Local\Temp\rust_mozprofile.SQpfZFe5eLjg, rotatable=false, timeouts={implicit=0, page load=300000, script=30000}, pageLoadStrategy=normal, platform=ANY, specificationLevel=0, moz:accessibilityChecks=false, acceptInsecureCerts=false, browserVersion=52.0.2, platformVersion=10.0, moz:processID=9380, browserName=firefox, platformName=windows_nt}]
Session ID: 322dc26c-8ba9-4c2d-bebb-c9ba7a675f86
*** Element info: {Using=class name, value=btn btn-action btn-block loginbtn}
	at sun.reflect.NativeConstructorAccessorImpl.newInstance0(Native Method)
	at sun.reflect.NativeConstructorAccessorImpl.newInstance(Unknown Source)
	at sun.reflect.DelegatingConstructorAccessorImpl.newInstance(Unknown Source)
	at java.lang.reflect.Constructor.newInstance(Unknown Source)
	at org.openqa.selenium.remote.http.W3CHttpResponseCodec.createException(W3CHttpResponseCodec.java:133)
	at org.openqa.selenium.remote.http.W3CHttpResponseCodec.decode(W3CHttpResponseCodec.java:99)
	at org.openqa.selenium.remote.http.W3CHttpResponseCodec.decode(W3CHttpResponseCodec.java:43)
	at org.openqa.selenium.remote.HttpCommandExecutor.execute(HttpCommandExecutor.java:163)
	at org.openqa.selenium.remote.service.DriverCommandExecutor.execute(DriverCommandExecutor.java:82)
	at org.openqa.selenium.remote.RemoteWebDriver.execute(RemoteWebDriver.java:604)
	at org.openqa.selenium.remote.RemoteWebDriver.findElement(RemoteWebDriver.java:371)
	at org.openqa.selenium.remote.RemoteWebDriver.findElementByClassName(RemoteWebDriver.java:460)
	at org.openqa.selenium.By$ByClassName.findElement(By.java:391)
	at org.openqa.selenium.remote.RemoteWebDriver.findElement(RemoteWebDriver.java:363)
	at Utils.Common.CaptureElement(Common.java:16)
	at Object.HomePage.ClickButtonLogin(HomePage.java:34)
	at CommonTests.PageObjectTest.Test(PageObjectTest.java:35)
	at sun.reflect.NativeMethodAccessorImpl.invoke0(Native Method)
	at sun.reflect.NativeMethodAccessorImpl.invoke(Unknown Source)
	at sun.reflect.DelegatingMethodAccessorImpl.invoke(Unknown Source)
	at java.lang.reflect.Method.invoke(Unknown Source)
	at org.testng.internal.MethodInvocationHelper.invokeMethod(MethodInvocationHelper.java:108)
	at org.testng.internal.Invoker.invokeMethod(Invoker.java:661)
	at org.testng.internal.Invoker.invokeTestMethod(Invoker.java:869)
	at org.testng.internal.Invoker.invokeTestMethods(Invoker.java:1193)
	at org.testng.internal.TestMethodWorker.invokeTestMethods(TestMethodWorker.java:126)
	at org.testng.internal.TestMethodWorker.run(TestMethodWorker.java:109)
	at org.testng.TestRunner.privateRun(TestRunner.java:744)
	at org.testng.TestRunner.run(TestRunner.java:602)
	at org.testng.SuiteRunner.runTest(SuiteRunner.java:380)
	at org.testng.SuiteRunner.runSequentially(SuiteRunner.java:375)
	at org.testng.SuiteRunner.privateRun(SuiteRunner.java:340)
	at org.testng.SuiteRunner.run(SuiteRunner.java:289)
	at org.testng.SuiteRunnerWorker.runSuite(SuiteRunnerWorker.java:52)
	at org.testng.SuiteRunnerWorker.run(SuiteRunnerWorker.java:86)
	at org.testng.TestNG.runSuitesSequentially(TestNG.java:1301)
	at org.testng.TestNG.runSuitesLocally(TestNG.java:1226)
	at org.testng.TestNG.runSuites(TestNG.java:1144)
	at org.testng.TestNG.run(TestNG.java:1115)
	at org.testng.remote.AbstractRemoteTestNG.run(AbstractRemoteTestNG.java:132)
	at org.testng.remote.RemoteTestNG.initAndRun(RemoteTestNG.java:230)
	at org.testng.remote.RemoteTestNG.main(RemoteTestNG.java:76)
]]>
            </full-stacktrace>
          </exception> <!-- org.openqa.selenium.NoSuchElementException -->
          <reporter-output>
          </reporter-output>
        </test-method> <!-- Test -->
        <test-method status="PASS" signature="End_Test()[pri:0, instance:CommonTests.PageObjectTest@26653222]" name="End_Test" is-config="true" duration-ms="1368" started-at="2017-06-12T13:06:45Z" finished-at="2017-06-12T13:06:47Z">
          <reporter-output>
          </reporter-output>
        </test-method> <!-- End_Test -->
      </class> <!-- CommonTests.PageObjectTest -->
      <class name="CommonTests.SeleniumUnitTest">
        <test-method status="PASS" signature="Set_Up()[pri:0, instance:CommonTests.SeleniumUnitTest@29774679]" name="Set_Up" is-config="true" duration-ms="18780" started-at="2017-06-12T13:04:55Z" finished-at="2017-06-12T13:05:14Z">
          <reporter-output>
          </reporter-output>
        </test-method> <!-- Set_Up -->
        <test-method status="PASS" signature="PreCondition_All_Test()[pri:0, instance:CommonTests.SeleniumUnitTest@29774679]" name="PreCondition_All_Test" duration-ms="6" started-at="2017-06-12T13:05:14Z" finished-at="2017-06-12T13:05:14Z">
          <reporter-output>
          </reporter-output>
        </test-method> <!-- PreCondition_All_Test -->
        <test-method status="PASS" signature="After_Method()[pri:0, instance:CommonTests.SeleniumUnitTest@29774679]" name="After_Method" is-config="true" duration-ms="2155" started-at="2017-06-12T13:05:14Z" finished-at="2017-06-12T13:05:16Z">
          <reporter-output>
            <line>
              <![CDATA[==========CLOSED========]]>
            </line>
          </reporter-output>
        </test-method> <!-- After_Method -->
        <test-method status="PASS" signature="Set_Up()[pri:0, instance:CommonTests.SeleniumUnitTest@29774679]" name="Set_Up" is-config="true" duration-ms="15150" started-at="2017-06-12T13:05:16Z" finished-at="2017-06-12T13:05:31Z">
          <reporter-output>
          </reporter-output>
        </test-method> <!-- Set_Up -->
        <test-method status="PASS" signature="Case_03_Check_Function_Write_Parameter(java.lang.String, java.lang.String)[pri:0, instance:CommonTests.SeleniumUnitTest@29774679]" name="Case_03_Check_Function_Write_Parameter" duration-ms="1" started-at="2017-06-12T13:05:31Z" finished-at="2017-06-12T13:05:31Z">
          <params>
            <param index="0">
              <value>
                <![CDATA[value1]]>
              </value>
            </param>
            <param index="1">
              <value>
                <![CDATA[value2]]>
              </value>
            </param>
          </params>
          <reporter-output>
          </reporter-output>
        </test-method> <!-- Case_03_Check_Function_Write_Parameter -->
        <test-method status="PASS" signature="After_Method()[pri:0, instance:CommonTests.SeleniumUnitTest@29774679]" name="After_Method" is-config="true" duration-ms="1224" started-at="2017-06-12T13:05:31Z" finished-at="2017-06-12T13:05:33Z">
          <reporter-output>
            <line>
              <![CDATA[==========CLOSED========]]>
            </line>
          </reporter-output>
        </test-method> <!-- After_Method -->
        <test-method status="PASS" signature="Set_Up()[pri:0, instance:CommonTests.SeleniumUnitTest@29774679]" name="Set_Up" is-config="true" duration-ms="6491" started-at="2017-06-12T13:05:33Z" finished-at="2017-06-12T13:05:39Z">
          <reporter-output>
          </reporter-output>
        </test-method> <!-- Set_Up -->
        <test-method status="PASS" signature="Case_01_Check_Function_Write_Logger()[pri:0, instance:CommonTests.SeleniumUnitTest@29774679]" name="Case_01_Check_Function_Write_Logger" duration-ms="12609" started-at="2017-06-12T13:05:39Z" depends-on-methods="CommonTests.SeleniumUnitTest.PreCondition_All_Test" finished-at="2017-06-12T13:05:52Z">
          <reporter-output>
          </reporter-output>
        </test-method> <!-- Case_01_Check_Function_Write_Logger -->
        <test-method status="PASS" signature="After_Method()[pri:0, instance:CommonTests.SeleniumUnitTest@29774679]" name="After_Method" is-config="true" duration-ms="1278" started-at="2017-06-12T13:05:52Z" finished-at="2017-06-12T13:05:53Z">
          <reporter-output>
            <line>
              <![CDATA[==========CLOSED========]]>
            </line>
          </reporter-output>
        </test-method> <!-- After_Method -->
        <test-method status="PASS" signature="Set_Up()[pri:0, instance:CommonTests.SeleniumUnitTest@29774679]" name="Set_Up" is-config="true" duration-ms="5981" started-at="2017-06-12T13:05:53Z" finished-at="2017-06-12T13:05:59Z">
          <reporter-output>
          </reporter-output>
        </test-method> <!-- Set_Up -->
        <test-method status="PASS" signature="Case_02_Check_Function_Write_Logger()[pri:0, instance:CommonTests.SeleniumUnitTest@29774679]" name="Case_02_Check_Function_Write_Logger" duration-ms="15260" started-at="2017-06-12T13:05:59Z" depends-on-methods="CommonTests.SeleniumUnitTest.Case_01_Check_Function_Write_Logger" finished-at="2017-06-12T13:06:14Z">
          <reporter-output>
          </reporter-output>
        </test-method> <!-- Case_02_Check_Function_Write_Logger -->
        <test-method status="PASS" signature="After_Method()[pri:0, instance:CommonTests.SeleniumUnitTest@29774679]" name="After_Method" is-config="true" duration-ms="1312" started-at="2017-06-12T13:06:14Z" finished-at="2017-06-12T13:06:16Z">
          <reporter-output>
            <line>
              <![CDATA[==========CLOSED========]]>
            </line>
          </reporter-output>
        </test-method> <!-- After_Method -->
      </class> <!-- CommonTests.SeleniumUnitTest -->
    </test> <!-- Regression suite 1 -->
  </suite> <!-- TestSuite 1 -->
</testng-results>
